#! /opt/homebrew/Cellar/icarus-verilog/12.0/bin/vvp
:ivl_version "12.0 (stable)";
:ivl_delay_selection "TYPICAL";
:vpi_time_precision + 0;
:vpi_module "/opt/homebrew/Cellar/icarus-verilog/12.0/lib/ivl/system.vpi";
:vpi_module "/opt/homebrew/Cellar/icarus-verilog/12.0/lib/ivl/vhdl_sys.vpi";
:vpi_module "/opt/homebrew/Cellar/icarus-verilog/12.0/lib/ivl/vhdl_textio.vpi";
:vpi_module "/opt/homebrew/Cellar/icarus-verilog/12.0/lib/ivl/v2005_math.vpi";
:vpi_module "/opt/homebrew/Cellar/icarus-verilog/12.0/lib/ivl/va_math.vpi";
S_0x121d06c90 .scope module, "axi_bridge" "axi_bridge" 2 1;
 .timescale 0 0;
    .port_info 0 /INPUT 1 "aclk";
    .port_info 1 /INPUT 1 "aresetn";
    .port_info 2 /OUTPUT 4 "arid";
    .port_info 3 /OUTPUT 32 "araddr";
    .port_info 4 /OUTPUT 8 "arlen";
    .port_info 5 /OUTPUT 3 "arsize";
    .port_info 6 /OUTPUT 2 "arburst";
    .port_info 7 /OUTPUT 2 "arlock";
    .port_info 8 /OUTPUT 4 "arcache";
    .port_info 9 /OUTPUT 3 "arprot";
    .port_info 10 /OUTPUT 1 "arvalid";
    .port_info 11 /INPUT 1 "arready";
    .port_info 12 /INPUT 4 "rid";
    .port_info 13 /INPUT 32 "rdata";
    .port_info 14 /INPUT 2 "rresp";
    .port_info 15 /INPUT 1 "rlast";
    .port_info 16 /INPUT 1 "rvalid";
    .port_info 17 /OUTPUT 1 "rready";
    .port_info 18 /OUTPUT 4 "awid";
    .port_info 19 /OUTPUT 32 "awaddr";
    .port_info 20 /OUTPUT 8 "awlen";
    .port_info 21 /OUTPUT 3 "awsize";
    .port_info 22 /OUTPUT 2 "awburst";
    .port_info 23 /OUTPUT 2 "awlock";
    .port_info 24 /OUTPUT 4 "awcache";
    .port_info 25 /OUTPUT 3 "awprot";
    .port_info 26 /OUTPUT 1 "awvalid";
    .port_info 27 /INPUT 1 "awready";
    .port_info 28 /OUTPUT 4 "wid";
    .port_info 29 /OUTPUT 32 "wdata";
    .port_info 30 /OUTPUT 4 "wstrb";
    .port_info 31 /OUTPUT 1 "wlast";
    .port_info 32 /OUTPUT 1 "wvalid";
    .port_info 33 /INPUT 1 "wready";
    .port_info 34 /INPUT 4 "bid";
    .port_info 35 /INPUT 2 "bresp";
    .port_info 36 /INPUT 1 "bvalid";
    .port_info 37 /OUTPUT 1 "bready";
    .port_info 38 /INPUT 1 "icache_rd_req";
    .port_info 39 /INPUT 3 "icache_rd_type";
    .port_info 40 /INPUT 32 "icache_rd_addr";
    .port_info 41 /OUTPUT 1 "icache_rd_rdy";
    .port_info 42 /OUTPUT 1 "icache_ret_valid";
    .port_info 43 /OUTPUT 1 "icache_ret_last";
    .port_info 44 /OUTPUT 32 "icache_ret_data";
    .port_info 45 /INPUT 1 "dcache_rd_req";
    .port_info 46 /INPUT 3 "dcache_rd_type";
    .port_info 47 /INPUT 32 "dcache_rd_addr";
    .port_info 48 /OUTPUT 1 "dcache_rd_rdy";
    .port_info 49 /OUTPUT 1 "dcache_ret_valid";
    .port_info 50 /OUTPUT 1 "dcache_ret_last";
    .port_info 51 /OUTPUT 32 "dcache_ret_data";
    .port_info 52 /INPUT 1 "dcache_wr_req";
    .port_info 53 /INPUT 3 "dcache_wr_type";
    .port_info 54 /INPUT 32 "dcache_wr_addr";
    .port_info 55 /INPUT 4 "dcache_wr_wstrb";
    .port_info 56 /INPUT 128 "dcache_wr_data";
    .port_info 57 /OUTPUT 1 "dcache_wr_rdy";
P_0x121d07080 .param/l "AR_REQ_END" 1 2 96, C4<100>;
P_0x121d070c0 .param/l "AR_REQ_START" 1 2 95, C4<010>;
P_0x121d07100 .param/l "B_END" 1 2 227, C4<1000>;
P_0x121d07140 .param/l "B_MID" 1 2 226, C4<0100>;
P_0x121d07180 .param/l "B_START" 1 2 225, C4<0010>;
P_0x121d071c0 .param/l "IDLE" 1 2 92, C4<00001>;
P_0x121d07200 .param/l "R_DATA_END" 1 2 132, C4<1000>;
P_0x121d07240 .param/l "R_DATA_MID" 1 2 131, C4<0100>;
P_0x121d07280 .param/l "R_DATA_START" 1 2 130, C4<0010>;
P_0x121d072c0 .param/l "W_ADDR_RESP" 1 2 174, C4<00100>;
P_0x121d07300 .param/l "W_DATA_RESP" 1 2 175, C4<01000>;
P_0x121d07340 .param/l "W_REQ_END" 1 2 176, C4<10000>;
P_0x121d07380 .param/l "W_REQ_START" 1 2 173, C4<00010>;
L_0x120725880 .functor OR 1, L_0x120725670, L_0x120725750, C4<0>, C4<0>;
L_0x120725b30 .functor OR 1, L_0x120725970, L_0x120725a10, C4<0>, C4<0>;
L_0x120726090 .functor AND 1, L_0x120725df0, L_0x120725fd0, C4<1>, C4<1>;
L_0x1207262b0 .functor NOT 1, L_0x120726180, C4<0>, C4<0>, C4<0>;
L_0x120726340 .functor AND 1, L_0x120726090, L_0x1207262b0, C4<1>, C4<1>;
o0x128040b80 .functor BUFZ 1, C4<z>; HiZ drive
L_0x120726540 .functor NOT 1, o0x128040b80, C4<0>, C4<0>, C4<0>;
L_0x1207265b0 .functor AND 1, L_0x120726460, L_0x120726540, C4<1>, C4<1>;
v0x120723380_0 .array/port v0x120723380, 0;
L_0x120726700 .functor BUFZ 32, v0x120723380_0, C4<00000000000000000000000000000000>, C4<00000000000000000000000000000000>, C4<00000000000000000000000000000000>;
L_0x120726240 .functor NOT 1, L_0x120726770, C4<0>, C4<0>, C4<0>;
L_0x120726b70 .functor AND 1, L_0x120726240, L_0x120726a00, C4<1>, C4<1>;
L_0x120726ce0 .functor NOT 1, L_0x120726c00, C4<0>, C4<0>, C4<0>;
L_0x120726f30 .functor AND 1, L_0x120726ce0, L_0x120726df0, C4<1>, C4<1>;
v0x120723380_1 .array/port v0x120723380, 1;
L_0x120727040 .functor BUFZ 32, v0x120723380_1, C4<00000000000000000000000000000000>, C4<00000000000000000000000000000000>, C4<00000000000000000000000000000000>;
L_0x120727450 .functor AND 1, L_0x120727120, L_0x1207272f0, C4<1>, C4<1>;
L_0x120727750 .functor AND 1, L_0x1207274c0, L_0x1207275e0, C4<1>, C4<1>;
v0x120606e80_0 .net *"_ivl_13", 0 0, L_0x120725970;  1 drivers
v0x120720c20_0 .net *"_ivl_15", 0 0, L_0x120725a10;  1 drivers
v0x120720ce0_0 .net *"_ivl_22", 0 0, L_0x120725df0;  1 drivers
v0x120720d90_0 .net *"_ivl_25", 3 0, L_0x120725eb0;  1 drivers
v0x120720e20_0 .net *"_ivl_27", 0 0, L_0x120725fd0;  1 drivers
v0x120720ef0_0 .net *"_ivl_28", 0 0, L_0x120726090;  1 drivers
v0x120720f90_0 .net *"_ivl_3", 1 0, L_0x1207254f0;  1 drivers
v0x120721040_0 .net *"_ivl_31", 0 0, L_0x120726180;  1 drivers
v0x1207210f0_0 .net *"_ivl_32", 0 0, L_0x1207262b0;  1 drivers
v0x120721200_0 .net *"_ivl_37", 0 0, L_0x120726460;  1 drivers
v0x1207212b0_0 .net *"_ivl_38", 0 0, L_0x120726540;  1 drivers
v0x120721360_0 .net *"_ivl_46", 0 0, L_0x120726770;  1 drivers
v0x120721410_0 .net *"_ivl_47", 0 0, L_0x120726240;  1 drivers
v0x1207214c0_0 .net *"_ivl_50", 1 0, L_0x120726960;  1 drivers
v0x120721570_0 .net *"_ivl_52", 0 0, L_0x120726a00;  1 drivers
v0x120721610_0 .net *"_ivl_56", 0 0, L_0x120726c00;  1 drivers
v0x1207216c0_0 .net *"_ivl_57", 0 0, L_0x120726ce0;  1 drivers
v0x120721850_0 .net *"_ivl_60", 0 0, L_0x120726df0;  1 drivers
v0x1207218e0_0 .net *"_ivl_69", 0 0, L_0x120727120;  1 drivers
v0x120721990_0 .net *"_ivl_7", 0 0, L_0x120725670;  1 drivers
v0x120721a40_0 .net *"_ivl_71", 1 0, L_0x120726e90;  1 drivers
v0x120721af0_0 .net *"_ivl_73", 0 0, L_0x1207272f0;  1 drivers
v0x120721b90_0 .net *"_ivl_77", 0 0, L_0x1207274c0;  1 drivers
v0x120721c40_0 .net *"_ivl_79", 0 0, L_0x1207275e0;  1 drivers
v0x120721cf0_0 .net *"_ivl_9", 0 0, L_0x120725750;  1 drivers
o0x1280404c0 .functor BUFZ 1, C4<z>; HiZ drive
v0x120721da0_0 .net "aclk", 0 0, o0x1280404c0;  0 drivers
v0x120721e40_0 .var "ar_current_state", 4 0;
v0x120721ef0_0 .var "ar_next_state", 4 0;
v0x120721fa0_0 .var "ar_resp_cnt", 1 0;
v0x120722050_0 .var "araddr", 31 0;
v0x120722100_0 .var "arburst", 1 0;
v0x1207221b0_0 .var "arcache", 3 0;
o0x128040610 .functor BUFZ 1, C4<z>; HiZ drive
v0x120722260_0 .net "aresetn", 0 0, o0x128040610;  0 drivers
v0x120721760_0 .var "arid", 3 0;
v0x1207224f0_0 .var "arlen", 7 0;
v0x120722580_0 .var "arlock", 1 0;
v0x120722610_0 .var "arprot", 2 0;
o0x128040700 .functor BUFZ 1, C4<z>; HiZ drive
v0x1207226c0_0 .net "arready", 0 0, o0x128040700;  0 drivers
v0x120722760_0 .var "arsize", 2 0;
v0x120722810_0 .net "arvalid", 0 0, L_0x120725430;  1 drivers
v0x1207228b0_0 .var "aw_resp_cnt", 1 0;
v0x120722960_0 .var "awaddr", 31 0;
v0x120722a10_0 .var "awburst", 1 0;
v0x120722ac0_0 .var "awcache", 3 0;
v0x120722b70_0 .var "awid", 3 0;
v0x120722c20_0 .var "awlen", 7 0;
v0x120722cd0_0 .var "awlock", 1 0;
v0x120722d80_0 .var "awprot", 2 0;
o0x128040910 .functor BUFZ 1, C4<z>; HiZ drive
v0x120722e30_0 .net "awready", 0 0, o0x128040910;  0 drivers
v0x120722ed0_0 .var "awsize", 2 0;
v0x120722f80_0 .net "awvalid", 0 0, L_0x120725880;  1 drivers
v0x120723020_0 .var "b_current_state", 4 0;
v0x1207230d0_0 .var "b_next_state", 4 0;
o0x128040a00 .functor BUFZ 4, C4<zzzz>; HiZ drive
v0x120723180_0 .net "bid", 3 0, o0x128040a00;  0 drivers
v0x120723230_0 .net "bready", 0 0, L_0x120725d00;  1 drivers
o0x128040a60 .functor BUFZ 2, C4<zz>; HiZ drive
v0x1207232d0_0 .net "bresp", 1 0, o0x128040a60;  0 drivers
v0x120723380 .array "buf_rdata", 0 1, 31 0;
o0x128040af0 .functor BUFZ 1, C4<z>; HiZ drive
v0x120723450_0 .net "bvalid", 0 0, o0x128040af0;  0 drivers
o0x128040b20 .functor BUFZ 32, C4<zzzzzzzzzzzzzzzzzzzzzzzzzzzzzzzz>; HiZ drive
v0x1207234f0_0 .net "dcache_rd_addr", 31 0, o0x128040b20;  0 drivers
v0x1207235a0_0 .net "dcache_rd_rdy", 0 0, L_0x120726fa0;  1 drivers
v0x120723640_0 .net "dcache_rd_req", 0 0, o0x128040b80;  0 drivers
o0x128040bb0 .functor BUFZ 3, C4<zzz>; HiZ drive
v0x1207236e0_0 .net "dcache_rd_type", 2 0, o0x128040bb0;  0 drivers
v0x120723790_0 .net "dcache_ret_data", 31 0, L_0x120727040;  1 drivers
v0x120723840_0 .net "dcache_ret_last", 0 0, L_0x120727750;  1 drivers
v0x1207238e0_0 .net "dcache_ret_valid", 0 0, L_0x120727450;  1 drivers
o0x128040c70 .functor BUFZ 32, C4<zzzzzzzzzzzzzzzzzzzzzzzzzzzzzzzz>; HiZ drive
v0x120722300_0 .net "dcache_wr_addr", 31 0, o0x128040c70;  0 drivers
o0x128040ca0 .functor BUFZ 128, C4<zzzzzzzzzzzzzzzzzzzzzzzzzzzzzzzzzzzzzzzzzzzzzzzzzzzzzzzzzzzzzzzzzzzzzzzzzzzzzzzzzzzzzzzzzzzzzzzzzzzzzzzzzzzzzzzzzzzzzzzzzzzzzzzz>; HiZ drive
v0x1207223b0_0 .net "dcache_wr_data", 127 0, o0x128040ca0;  0 drivers
v0x120722460_0 .var "dcache_wr_data_r", 127 0;
v0x120723990_0 .net "dcache_wr_rdy", 0 0, L_0x120727840;  1 drivers
o0x128040d30 .functor BUFZ 1, C4<z>; HiZ drive
v0x120723a30_0 .net "dcache_wr_req", 0 0, o0x128040d30;  0 drivers
o0x128040d60 .functor BUFZ 3, C4<zzz>; HiZ drive
v0x120723ad0_0 .net "dcache_wr_type", 2 0, o0x128040d60;  0 drivers
o0x128040d90 .functor BUFZ 4, C4<zzzz>; HiZ drive
v0x120723b80_0 .net "dcache_wr_wstrb", 3 0, o0x128040d90;  0 drivers
v0x120723c30_0 .var "dcache_wr_wstrb_r", 3 0;
o0x128040df0 .functor BUFZ 32, C4<zzzzzzzzzzzzzzzzzzzzzzzzzzzzzzzz>; HiZ drive
v0x120723ce0_0 .net "icache_rd_addr", 31 0, o0x128040df0;  0 drivers
v0x120723d90_0 .net "icache_rd_rdy", 0 0, L_0x1207265b0;  1 drivers
o0x128040e50 .functor BUFZ 1, C4<z>; HiZ drive
v0x120723e30_0 .net "icache_rd_req", 0 0, o0x128040e50;  0 drivers
o0x128040e80 .functor BUFZ 3, C4<zzz>; HiZ drive
v0x120723ed0_0 .net "icache_rd_type", 2 0, o0x128040e80;  0 drivers
v0x120723f80_0 .net "icache_ret_data", 31 0, L_0x120726700;  1 drivers
v0x120724030_0 .net "icache_ret_last", 0 0, L_0x120726f30;  1 drivers
v0x1207240d0_0 .net "icache_ret_valid", 0 0, L_0x120726b70;  1 drivers
v0x120724170_0 .var "r_current_state", 4 0;
v0x120724220_0 .var "r_next_state", 4 0;
o0x128040fa0 .functor BUFZ 32, C4<zzzzzzzzzzzzzzzzzzzzzzzzzzzzzzzz>; HiZ drive
v0x1207242d0_0 .net "rdata", 31 0, o0x128040fa0;  0 drivers
v0x120724380_0 .net "read_block", 0 0, L_0x120726340;  1 drivers
o0x128041000 .functor BUFZ 4, C4<zzzz>; HiZ drive
v0x120724420_0 .net "rid", 3 0, o0x128041000;  0 drivers
v0x1207244d0_0 .var "rid_r", 3 0;
o0x128041060 .functor BUFZ 1, C4<z>; HiZ drive
v0x120724580_0 .net "rlast", 0 0, o0x128041060;  0 drivers
v0x120724620_0 .net "rready", 0 0, L_0x120725590;  1 drivers
o0x1280410c0 .functor BUFZ 2, C4<zz>; HiZ drive
v0x1207246c0_0 .net "rresp", 1 0, o0x1280410c0;  0 drivers
o0x1280410f0 .functor BUFZ 1, C4<z>; HiZ drive
v0x120724770_0 .net "rvalid", 0 0, o0x1280410f0;  0 drivers
v0x120724810_0 .var "w_current_state", 4 0;
v0x1207248c0_0 .var "w_next_state", 4 0;
v0x120724970_0 .var "wburst_cnt", 1 0;
v0x120724a20_0 .var "wd_resp_cnt", 1 0;
v0x120724ad0_0 .var "wdata", 31 0;
v0x120724b80_0 .var "wid", 3 0;
v0x120724c30_0 .net "wlast", 0 0, L_0x120725c60;  1 drivers
o0x128041270 .functor BUFZ 1, C4<z>; HiZ drive
v0x120724cd0_0 .net "wready", 0 0, o0x128041270;  0 drivers
v0x120724d70_0 .var "wstrb", 3 0;
v0x120724e20_0 .net "wvalid", 0 0, L_0x120725b30;  1 drivers
E_0x120606be0 .event posedge, v0x120721da0_0;
E_0x120606c40/0 .event anyedge, v0x120723020_0, v0x120722260_0, v0x120723230_0, v0x120723450_0;
E_0x120606c40/1 .event anyedge, v0x120724c30_0;
E_0x120606c40 .event/or E_0x120606c40/0, E_0x120606c40/1;
E_0x120606cb0/0 .event anyedge, v0x120724810_0, v0x120722260_0, v0x120723a30_0, v0x120722f80_0;
E_0x120606cb0/1 .event anyedge, v0x120722e30_0, v0x120724e20_0, v0x120724cd0_0, v0x1207228b0_0;
E_0x120606cb0/2 .event anyedge, v0x120724a20_0, v0x120723450_0, v0x120724c30_0;
E_0x120606cb0 .event/or E_0x120606cb0/0, E_0x120606cb0/1, E_0x120606cb0/2;
E_0x120606d50/0 .event anyedge, v0x120724170_0, v0x120722260_0, v0x120722810_0, v0x1207226c0_0;
E_0x120606d50/1 .event anyedge, v0x120721fa0_0, v0x120724770_0, v0x120724620_0, v0x120724580_0;
E_0x120606d50 .event/or E_0x120606d50/0, E_0x120606d50/1;
E_0x120606dd0/0 .event anyedge, v0x120721e40_0, v0x120722260_0, v0x120724380_0, v0x120723640_0;
E_0x120606dd0/1 .event anyedge, v0x120723e30_0, v0x120722810_0, v0x1207226c0_0, v0x120724170_0;
E_0x120606dd0 .event/or E_0x120606dd0/0, E_0x120606dd0/1;
L_0x120725430 .part v0x120721e40_0, 1, 1;
L_0x1207254f0 .part v0x120724170_0, 1, 2;
L_0x120725590 .reduce/or L_0x1207254f0;
L_0x120725670 .part v0x120724810_0, 1, 1;
L_0x120725750 .part v0x120724810_0, 3, 1;
L_0x120725970 .part v0x120724810_0, 1, 1;
L_0x120725a10 .part v0x120724810_0, 2, 1;
L_0x120725c60 .reduce/and v0x120724970_0;
L_0x120725d00 .part v0x120724810_0, 4, 1;
L_0x120725df0 .cmp/eq 32, v0x120722050_0, v0x120722960_0;
L_0x120725eb0 .part v0x120724810_0, 1, 4;
L_0x120725fd0 .reduce/or L_0x120725eb0;
L_0x120726180 .part v0x120723020_0, 3, 1;
L_0x120726460 .part v0x120721e40_0, 0, 1;
L_0x120726770 .part v0x1207244d0_0, 0, 1;
L_0x120726960 .part v0x120724170_0, 2, 2;
L_0x120726a00 .reduce/or L_0x120726960;
L_0x120726c00 .part v0x1207244d0_0, 0, 1;
L_0x120726df0 .part v0x120724170_0, 3, 1;
L_0x120726fa0 .part v0x120721e40_0, 0, 1;
L_0x120727120 .part v0x1207244d0_0, 0, 1;
L_0x120726e90 .part v0x120724170_0, 2, 2;
L_0x1207272f0 .reduce/or L_0x120726e90;
L_0x1207274c0 .part v0x1207244d0_0, 0, 1;
L_0x1207275e0 .part v0x120724170_0, 3, 1;
L_0x120727840 .part v0x120723020_0, 0, 1;
    .scope S_0x121d06c90;
T_0 ;
    %wait E_0x120606be0;
    %load/vec4 v0x120722260_0;
    %inv;
    %flag_set/vec4 8;
    %jmp/0xz  T_0.0, 8;
    %pushi/vec4 1, 0, 5;
    %assign/vec4 v0x120721e40_0, 0;
    %jmp T_0.1;
T_0.0 ;
    %load/vec4 v0x120721ef0_0;
    %assign/vec4 v0x120721e40_0, 0;
T_0.1 ;
    %jmp T_0;
    .thread T_0;
    .scope S_0x121d06c90;
T_1 ;
    %wait E_0x120606dd0;
    %load/vec4 v0x120721e40_0;
    %dup/vec4;
    %pushi/vec4 1, 0, 5;
    %cmp/u;
    %jmp/1 T_1.0, 6;
    %dup/vec4;
    %pushi/vec4 2, 0, 5;
    %cmp/u;
    %jmp/1 T_1.1, 6;
    %dup/vec4;
    %pushi/vec4 4, 0, 5;
    %cmp/u;
    %jmp/1 T_1.2, 6;
    %jmp T_1.3;
T_1.0 ;
    %load/vec4 v0x120722260_0;
    %inv;
    %load/vec4 v0x120724380_0;
    %or;
    %flag_set/vec4 8;
    %jmp/0xz  T_1.4, 8;
    %pushi/vec4 1, 0, 5;
    %store/vec4 v0x120721ef0_0, 0, 5;
    %jmp T_1.5;
T_1.4 ;
    %load/vec4 v0x120723640_0;
    %load/vec4 v0x120723e30_0;
    %or;
    %flag_set/vec4 8;
    %jmp/0xz  T_1.6, 8;
    %pushi/vec4 2, 0, 5;
    %store/vec4 v0x120721ef0_0, 0, 5;
    %jmp T_1.7;
T_1.6 ;
    %pushi/vec4 1, 0, 5;
    %store/vec4 v0x120721ef0_0, 0, 5;
T_1.7 ;
T_1.5 ;
    %jmp T_1.3;
T_1.1 ;
    %load/vec4 v0x120722810_0;
    %load/vec4 v0x1207226c0_0;
    %and;
    %flag_set/vec4 8;
    %jmp/0xz  T_1.8, 8;
    %pushi/vec4 4, 0, 5;
    %store/vec4 v0x120721ef0_0, 0, 5;
    %jmp T_1.9;
T_1.8 ;
    %pushi/vec4 2, 0, 5;
    %store/vec4 v0x120721ef0_0, 0, 5;
T_1.9 ;
    %jmp T_1.3;
T_1.2 ;
    %load/vec4 v0x120724170_0;
    %parti/s 1, 3, 3;
    %flag_set/vec4 8;
    %jmp/0xz  T_1.10, 8;
    %pushi/vec4 1, 0, 5;
    %store/vec4 v0x120721ef0_0, 0, 5;
T_1.10 ;
    %jmp T_1.3;
T_1.3 ;
    %pop/vec4 1;
    %jmp T_1;
    .thread T_1, $push;
    .scope S_0x121d06c90;
T_2 ;
    %wait E_0x120606be0;
    %load/vec4 v0x120722260_0;
    %inv;
    %flag_set/vec4 8;
    %jmp/0xz  T_2.0, 8;
    %pushi/vec4 1, 0, 5;
    %assign/vec4 v0x120724170_0, 0;
    %jmp T_2.1;
T_2.0 ;
    %load/vec4 v0x120724220_0;
    %assign/vec4 v0x120724170_0, 0;
T_2.1 ;
    %jmp T_2;
    .thread T_2;
    .scope S_0x121d06c90;
T_3 ;
    %wait E_0x120606d50;
    %load/vec4 v0x120724170_0;
    %dup/vec4;
    %pushi/vec4 1, 0, 5;
    %cmp/u;
    %jmp/1 T_3.0, 6;
    %dup/vec4;
    %pushi/vec4 2, 0, 5;
    %cmp/u;
    %jmp/1 T_3.1, 6;
    %dup/vec4;
    %pushi/vec4 4, 0, 5;
    %cmp/u;
    %jmp/1 T_3.2, 6;
    %dup/vec4;
    %pushi/vec4 8, 0, 5;
    %cmp/u;
    %jmp/1 T_3.3, 6;
    %pushi/vec4 1, 0, 5;
    %store/vec4 v0x120724220_0, 0, 5;
    %jmp T_3.5;
T_3.0 ;
    %load/vec4 v0x120722260_0;
    %load/vec4 v0x120722810_0;
    %and;
    %load/vec4 v0x1207226c0_0;
    %and;
    %load/vec4 v0x120721fa0_0;
    %or/r;
    %or;
    %flag_set/vec4 8;
    %jmp/0xz  T_3.6, 8;
    %pushi/vec4 2, 0, 5;
    %store/vec4 v0x120724220_0, 0, 5;
    %jmp T_3.7;
T_3.6 ;
    %pushi/vec4 1, 0, 5;
    %store/vec4 v0x120724220_0, 0, 5;
T_3.7 ;
    %jmp T_3.5;
T_3.1 ;
    %load/vec4 v0x120724770_0;
    %load/vec4 v0x120724620_0;
    %and;
    %load/vec4 v0x120724580_0;
    %and;
    %flag_set/vec4 8;
    %jmp/0xz  T_3.8, 8;
    %pushi/vec4 8, 0, 5;
    %store/vec4 v0x120724220_0, 0, 5;
    %jmp T_3.9;
T_3.8 ;
    %load/vec4 v0x120724770_0;
    %load/vec4 v0x120724620_0;
    %and;
    %flag_set/vec4 8;
    %jmp/0xz  T_3.10, 8;
    %pushi/vec4 4, 0, 5;
    %store/vec4 v0x120724220_0, 0, 5;
    %jmp T_3.11;
T_3.10 ;
    %pushi/vec4 2, 0, 5;
    %store/vec4 v0x120724220_0, 0, 5;
T_3.11 ;
T_3.9 ;
    %jmp T_3.5;
T_3.2 ;
    %load/vec4 v0x120724770_0;
    %load/vec4 v0x120724620_0;
    %and;
    %load/vec4 v0x120724580_0;
    %and;
    %flag_set/vec4 8;
    %jmp/0xz  T_3.12, 8;
    %pushi/vec4 8, 0, 5;
    %store/vec4 v0x120724220_0, 0, 5;
    %jmp T_3.13;
T_3.12 ;
    %load/vec4 v0x120724770_0;
    %load/vec4 v0x120724620_0;
    %and;
    %flag_set/vec4 8;
    %jmp/0xz  T_3.14, 8;
    %pushi/vec4 4, 0, 5;
    %store/vec4 v0x120724220_0, 0, 5;
    %jmp T_3.15;
T_3.14 ;
    %pushi/vec4 2, 0, 5;
    %store/vec4 v0x120724220_0, 0, 5;
T_3.15 ;
T_3.13 ;
    %jmp T_3.5;
T_3.3 ;
    %pushi/vec4 1, 0, 5;
    %store/vec4 v0x120724220_0, 0, 5;
    %jmp T_3.5;
T_3.5 ;
    %pop/vec4 1;
    %jmp T_3;
    .thread T_3, $push;
    .scope S_0x121d06c90;
T_4 ;
    %wait E_0x120606be0;
    %load/vec4 v0x120722260_0;
    %inv;
    %flag_set/vec4 8;
    %jmp/0xz  T_4.0, 8;
    %pushi/vec4 1, 0, 5;
    %assign/vec4 v0x120724810_0, 0;
    %jmp T_4.1;
T_4.0 ;
    %load/vec4 v0x1207248c0_0;
    %assign/vec4 v0x120724810_0, 0;
T_4.1 ;
    %jmp T_4;
    .thread T_4;
    .scope S_0x121d06c90;
T_5 ;
    %wait E_0x120606cb0;
    %load/vec4 v0x120724810_0;
    %dup/vec4;
    %pushi/vec4 1, 0, 5;
    %cmp/u;
    %jmp/1 T_5.0, 6;
    %dup/vec4;
    %pushi/vec4 2, 0, 5;
    %cmp/u;
    %jmp/1 T_5.1, 6;
    %dup/vec4;
    %pushi/vec4 4, 0, 5;
    %cmp/u;
    %jmp/1 T_5.2, 6;
    %dup/vec4;
    %pushi/vec4 8, 0, 5;
    %cmp/u;
    %jmp/1 T_5.3, 6;
    %dup/vec4;
    %pushi/vec4 16, 0, 5;
    %cmp/u;
    %jmp/1 T_5.4, 6;
    %jmp T_5.5;
T_5.0 ;
    %load/vec4 v0x120722260_0;
    %inv;
    %flag_set/vec4 8;
    %jmp/0xz  T_5.6, 8;
    %pushi/vec4 1, 0, 5;
    %store/vec4 v0x1207248c0_0, 0, 5;
    %jmp T_5.7;
T_5.6 ;
    %load/vec4 v0x120723a30_0;
    %flag_set/vec4 8;
    %jmp/0xz  T_5.8, 8;
    %pushi/vec4 2, 0, 5;
    %store/vec4 v0x1207248c0_0, 0, 5;
    %jmp T_5.9;
T_5.8 ;
    %pushi/vec4 1, 0, 5;
    %store/vec4 v0x1207248c0_0, 0, 5;
T_5.9 ;
T_5.7 ;
    %jmp T_5.5;
T_5.1 ;
    %load/vec4 v0x120722f80_0;
    %load/vec4 v0x120722e30_0;
    %and;
    %load/vec4 v0x120724e20_0;
    %and;
    %load/vec4 v0x120724cd0_0;
    %and;
    %load/vec4 v0x1207228b0_0;
    %or/r;
    %load/vec4 v0x120724a20_0;
    %or/r;
    %and;
    %or;
    %flag_set/vec4 8;
    %jmp/0xz  T_5.10, 8;
    %pushi/vec4 16, 0, 5;
    %store/vec4 v0x1207248c0_0, 0, 5;
    %jmp T_5.11;
T_5.10 ;
    %load/vec4 v0x120722f80_0;
    %load/vec4 v0x120722e30_0;
    %and;
    %load/vec4 v0x1207228b0_0;
    %or/r;
    %or;
    %flag_set/vec4 8;
    %jmp/0xz  T_5.12, 8;
    %pushi/vec4 4, 0, 5;
    %store/vec4 v0x1207248c0_0, 0, 5;
    %jmp T_5.13;
T_5.12 ;
    %load/vec4 v0x120724e20_0;
    %load/vec4 v0x120724cd0_0;
    %and;
    %load/vec4 v0x120724a20_0;
    %or/r;
    %or;
    %flag_set/vec4 8;
    %jmp/0xz  T_5.14, 8;
    %pushi/vec4 8, 0, 5;
    %store/vec4 v0x1207248c0_0, 0, 5;
    %jmp T_5.15;
T_5.14 ;
    %pushi/vec4 2, 0, 5;
    %store/vec4 v0x1207248c0_0, 0, 5;
T_5.15 ;
T_5.13 ;
T_5.11 ;
    %jmp T_5.5;
T_5.2 ;
    %load/vec4 v0x120724e20_0;
    %load/vec4 v0x120724cd0_0;
    %and;
    %flag_set/vec4 8;
    %jmp/0xz  T_5.16, 8;
    %pushi/vec4 16, 0, 5;
    %store/vec4 v0x1207248c0_0, 0, 5;
    %jmp T_5.17;
T_5.16 ;
    %pushi/vec4 4, 0, 5;
    %store/vec4 v0x1207248c0_0, 0, 5;
T_5.17 ;
    %jmp T_5.5;
T_5.3 ;
    %load/vec4 v0x120722f80_0;
    %load/vec4 v0x120722e30_0;
    %and;
    %flag_set/vec4 8;
    %jmp/0xz  T_5.18, 8;
    %pushi/vec4 16, 0, 5;
    %store/vec4 v0x1207248c0_0, 0, 5;
    %jmp T_5.19;
T_5.18 ;
    %pushi/vec4 8, 0, 5;
    %store/vec4 v0x1207248c0_0, 0, 5;
T_5.19 ;
    %jmp T_5.5;
T_5.4 ;
    %load/vec4 v0x120723450_0;
    %load/vec4 v0x120723450_0;
    %and;
    %load/vec4 v0x120724c30_0;
    %and;
    %flag_set/vec4 8;
    %jmp/0xz  T_5.20, 8;
    %pushi/vec4 1, 0, 5;
    %store/vec4 v0x1207248c0_0, 0, 5;
    %jmp T_5.21;
T_5.20 ;
    %pushi/vec4 16, 0, 5;
    %store/vec4 v0x1207248c0_0, 0, 5;
T_5.21 ;
    %jmp T_5.5;
T_5.5 ;
    %pop/vec4 1;
    %jmp T_5;
    .thread T_5, $push;
    .scope S_0x121d06c90;
T_6 ;
    %wait E_0x120606be0;
    %load/vec4 v0x120722260_0;
    %inv;
    %flag_set/vec4 8;
    %jmp/0xz  T_6.0, 8;
    %pushi/vec4 1, 0, 5;
    %assign/vec4 v0x120723020_0, 0;
    %jmp T_6.1;
T_6.0 ;
    %load/vec4 v0x1207230d0_0;
    %assign/vec4 v0x120723020_0, 0;
T_6.1 ;
    %jmp T_6;
    .thread T_6;
    .scope S_0x121d06c90;
T_7 ;
    %wait E_0x120606c40;
    %load/vec4 v0x120723020_0;
    %dup/vec4;
    %pushi/vec4 1, 0, 5;
    %cmp/u;
    %jmp/1 T_7.0, 6;
    %dup/vec4;
    %pushi/vec4 2, 0, 5;
    %cmp/u;
    %jmp/1 T_7.1, 6;
    %dup/vec4;
    %pushi/vec4 4, 0, 5;
    %cmp/u;
    %jmp/1 T_7.2, 6;
    %dup/vec4;
    %pushi/vec4 8, 0, 5;
    %cmp/u;
    %jmp/1 T_7.3, 6;
    %jmp T_7.4;
T_7.0 ;
    %load/vec4 v0x120722260_0;
    %load/vec4 v0x120723230_0;
    %and;
    %flag_set/vec4 8;
    %jmp/0xz  T_7.5, 8;
    %pushi/vec4 2, 0, 5;
    %store/vec4 v0x1207230d0_0, 0, 5;
    %jmp T_7.6;
T_7.5 ;
    %pushi/vec4 1, 0, 5;
    %store/vec4 v0x1207230d0_0, 0, 5;
T_7.6 ;
    %jmp T_7.4;
T_7.1 ;
    %load/vec4 v0x120723230_0;
    %load/vec4 v0x120723450_0;
    %and;
    %load/vec4 v0x120724c30_0;
    %and;
    %flag_set/vec4 8;
    %jmp/0xz  T_7.7, 8;
    %pushi/vec4 8, 0, 5;
    %store/vec4 v0x1207230d0_0, 0, 5;
    %jmp T_7.8;
T_7.7 ;
    %pushi/vec4 2, 0, 5;
    %store/vec4 v0x1207230d0_0, 0, 5;
T_7.8 ;
    %jmp T_7.4;
T_7.2 ;
    %load/vec4 v0x120723230_0;
    %load/vec4 v0x120723450_0;
    %and;
    %load/vec4 v0x120724c30_0;
    %and;
    %flag_set/vec4 8;
    %jmp/0xz  T_7.9, 8;
    %pushi/vec4 8, 0, 5;
    %store/vec4 v0x1207230d0_0, 0, 5;
    %jmp T_7.10;
T_7.9 ;
    %load/vec4 v0x120723230_0;
    %load/vec4 v0x120723450_0;
    %and;
    %flag_set/vec4 8;
    %jmp/0xz  T_7.11, 8;
    %pushi/vec4 4, 0, 5;
    %store/vec4 v0x1207230d0_0, 0, 5;
    %jmp T_7.12;
T_7.11 ;
    %pushi/vec4 2, 0, 5;
    %store/vec4 v0x1207230d0_0, 0, 5;
T_7.12 ;
T_7.10 ;
    %jmp T_7.4;
T_7.3 ;
    %pushi/vec4 1, 0, 5;
    %store/vec4 v0x1207230d0_0, 0, 5;
    %jmp T_7.4;
T_7.4 ;
    %pop/vec4 1;
    %jmp T_7;
    .thread T_7, $push;
    .scope S_0x121d06c90;
T_8 ;
    %wait E_0x120606be0;
    %load/vec4 v0x120722260_0;
    %inv;
    %flag_set/vec4 8;
    %jmp/0xz  T_8.0, 8;
    %pushi/vec4 0, 0, 2;
    %assign/vec4 v0x120724970_0, 0;
    %jmp T_8.1;
T_8.0 ;
    %load/vec4 v0x120723450_0;
    %load/vec4 v0x120723230_0;
    %and;
    %flag_set/vec4 8;
    %jmp/0xz  T_8.2, 8;
    %load/vec4 v0x120724970_0;
    %addi 1, 0, 2;
    %assign/vec4 v0x120724970_0, 0;
T_8.2 ;
T_8.1 ;
    %jmp T_8;
    .thread T_8;
    .scope S_0x121d06c90;
T_9 ;
    %wait E_0x120606be0;
    %load/vec4 v0x120722260_0;
    %inv;
    %flag_set/vec4 8;
    %jmp/0xz  T_9.0, 8;
    %pushi/vec4 0, 0, 4;
    %assign/vec4 v0x120721760_0, 0;
    %pushi/vec4 0, 0, 32;
    %assign/vec4 v0x120722050_0, 0;
    %pushi/vec4 2, 0, 3;
    %assign/vec4 v0x120722760_0, 0;
    %pushi/vec4 0, 0, 4;
    %assign/vec4 v0x1207221b0_0, 0;
    %pushi/vec4 32, 0, 15;
    %split/vec4 3;
    %assign/vec4 v0x120722610_0, 0;
    %split/vec4 2;
    %assign/vec4 v0x120722580_0, 0;
    %split/vec4 2;
    %assign/vec4 v0x120722100_0, 0;
    %assign/vec4 v0x1207224f0_0, 0;
    %jmp T_9.1;
T_9.0 ;
    %load/vec4 v0x120721e40_0;
    %parti/s 1, 0, 2;
    %flag_set/vec4 8;
    %jmp/0xz  T_9.2, 8;
    %pushi/vec4 0, 0, 3;
    %load/vec4 v0x120723640_0;
    %concat/vec4; draw_concat_vec4
    %assign/vec4 v0x120721760_0, 0;
    %load/vec4 v0x120723640_0;
    %flag_set/vec4 8;
    %jmp/0 T_9.4, 8;
    %load/vec4 v0x1207234f0_0;
    %jmp/1 T_9.5, 8;
T_9.4 ; End of true expr.
    %load/vec4 v0x120723ce0_0;
    %jmp/0 T_9.5, 8;
 ; End of false expr.
    %blend;
T_9.5;
    %assign/vec4 v0x120722050_0, 0;
    %load/vec4 v0x120723640_0;
    %flag_set/vec4 8;
    %jmp/0 T_9.6, 8;
    %load/vec4 v0x1207236e0_0;
    %parti/s 1, 2, 3;
    %replicate 2;
    %jmp/1 T_9.7, 8;
T_9.6 ; End of true expr.
    %load/vec4 v0x120723ed0_0;
    %parti/s 1, 2, 3;
    %replicate 2;
    %jmp/0 T_9.7, 8;
 ; End of false expr.
    %blend;
T_9.7;
    %ix/load 4, 0, 0;
    %ix/load 5, 0, 0;
    %flag_set/imm 4, 0;
    %assign/vec4/off/d v0x1207224f0_0, 4, 5;
T_9.2 ;
T_9.1 ;
    %jmp T_9;
    .thread T_9;
    .scope S_0x121d06c90;
T_10 ;
    %wait E_0x120606be0;
    %load/vec4 v0x120722260_0;
    %inv;
    %flag_set/vec4 8;
    %jmp/0xz  T_10.0, 8;
    %pushi/vec4 0, 0, 2;
    %assign/vec4 v0x120721fa0_0, 0;
    %jmp T_10.1;
T_10.0 ;
    %load/vec4 v0x120722810_0;
    %load/vec4 v0x1207226c0_0;
    %and;
    %load/vec4 v0x120724770_0;
    %and;
    %load/vec4 v0x120724620_0;
    %and;
    %flag_set/vec4 8;
    %jmp/0xz  T_10.2, 8;
    %load/vec4 v0x120721fa0_0;
    %assign/vec4 v0x120721fa0_0, 0;
    %jmp T_10.3;
T_10.2 ;
    %load/vec4 v0x120722810_0;
    %load/vec4 v0x1207226c0_0;
    %and;
    %flag_set/vec4 8;
    %jmp/0xz  T_10.4, 8;
    %load/vec4 v0x120721fa0_0;
    %addi 1, 0, 2;
    %assign/vec4 v0x120721fa0_0, 0;
    %jmp T_10.5;
T_10.4 ;
    %load/vec4 v0x120724770_0;
    %load/vec4 v0x120724620_0;
    %and;
    %flag_set/vec4 8;
    %jmp/0xz  T_10.6, 8;
    %load/vec4 v0x120721fa0_0;
    %subi 1, 0, 2;
    %assign/vec4 v0x120721fa0_0, 0;
T_10.6 ;
T_10.5 ;
T_10.3 ;
T_10.1 ;
    %jmp T_10;
    .thread T_10;
    .scope S_0x121d06c90;
T_11 ;
    %wait E_0x120606be0;
    %load/vec4 v0x120722260_0;
    %inv;
    %flag_set/vec4 8;
    %jmp/0xz  T_11.0, 8;
    %pushi/vec4 0, 0, 32;
    %assign/vec4 v0x120722960_0, 0;
    %pushi/vec4 2, 0, 3;
    %assign/vec4 v0x120722ed0_0, 0;
    %pushi/vec4 0, 0, 4;
    %assign/vec4 v0x120722ac0_0, 0;
    %pushi/vec4 65, 0, 19;
    %split/vec4 4;
    %assign/vec4 v0x120722b70_0, 0;
    %split/vec4 3;
    %assign/vec4 v0x120722d80_0, 0;
    %split/vec4 2;
    %assign/vec4 v0x120722cd0_0, 0;
    %split/vec4 2;
    %assign/vec4 v0x120722a10_0, 0;
    %assign/vec4 v0x120722c20_0, 0;
    %jmp T_11.1;
T_11.0 ;
    %load/vec4 v0x120724810_0;
    %parti/s 1, 0, 2;
    %flag_set/vec4 8;
    %jmp/0xz  T_11.2, 8;
    %load/vec4 v0x120722300_0;
    %assign/vec4 v0x120722960_0, 0;
    %load/vec4 v0x120723ad0_0;
    %parti/s 1, 2, 3;
    %replicate 2;
    %ix/load 4, 0, 0;
    %ix/load 5, 0, 0;
    %flag_set/imm 4, 0;
    %assign/vec4/off/d v0x120722c20_0, 4, 5;
T_11.2 ;
T_11.1 ;
    %jmp T_11;
    .thread T_11;
    .scope S_0x121d06c90;
T_12 ;
    %wait E_0x120606be0;
    %load/vec4 v0x120722260_0;
    %inv;
    %flag_set/vec4 8;
    %jmp/0xz  T_12.0, 8;
    %pushi/vec4 0, 0, 4;
    %assign/vec4 v0x120723c30_0, 0;
    %pushi/vec4 0, 0, 128;
    %assign/vec4 v0x120722460_0, 0;
    %jmp T_12.1;
T_12.0 ;
    %load/vec4 v0x120724810_0;
    %parti/s 1, 0, 2;
    %flag_set/vec4 8;
    %jmp/0xz  T_12.2, 8;
    %load/vec4 v0x120723b80_0;
    %assign/vec4 v0x120723c30_0, 0;
    %load/vec4 v0x1207223b0_0;
    %assign/vec4 v0x120722460_0, 0;
    %jmp T_12.3;
T_12.2 ;
    %load/vec4 v0x120723450_0;
    %load/vec4 v0x120723230_0;
    %and;
    %flag_set/vec4 8;
    %jmp/0xz  T_12.4, 8;
    %pushi/vec4 0, 0, 32;
    %load/vec4 v0x120722460_0;
    %parti/s 96, 32, 7;
    %concat/vec4; draw_concat_vec4
    %assign/vec4 v0x120722460_0, 0;
T_12.4 ;
T_12.3 ;
T_12.1 ;
    %jmp T_12;
    .thread T_12;
    .scope S_0x121d06c90;
T_13 ;
    %wait E_0x120606be0;
    %load/vec4 v0x120722260_0;
    %inv;
    %flag_set/vec4 8;
    %jmp/0xz  T_13.0, 8;
    %pushi/vec4 0, 0, 4;
    %assign/vec4 v0x120724d70_0, 0;
    %pushi/vec4 0, 0, 32;
    %assign/vec4 v0x120724ad0_0, 0;
    %pushi/vec4 1, 0, 4;
    %assign/vec4 v0x120724b80_0, 0;
    %jmp T_13.1;
T_13.0 ;
    %load/vec4 v0x120723020_0;
    %parti/s 2, 1, 2;
    %cmpi/ne 0, 0, 2;
    %jmp/0xz  T_13.2, 4;
    %load/vec4 v0x120722460_0;
    %parti/s 32, 0, 2;
    %assign/vec4 v0x120724ad0_0, 0;
T_13.2 ;
T_13.1 ;
    %jmp T_13;
    .thread T_13;
    .scope S_0x121d06c90;
T_14 ;
    %wait E_0x120606be0;
    %load/vec4 v0x120722260_0;
    %inv;
    %flag_set/vec4 8;
    %jmp/0xz  T_14.0, 8;
    %pushi/vec4 0, 0, 2;
    %assign/vec4 v0x1207228b0_0, 0;
    %jmp T_14.1;
T_14.0 ;
    %load/vec4 v0x120722f80_0;
    %load/vec4 v0x120722e30_0;
    %and;
    %flag_set/vec4 8;
    %jmp/0xz  T_14.2, 8;
    %load/vec4 v0x1207228b0_0;
    %pushi/vec4 0, 0, 1;
    %load/vec4 v0x120723450_0;
    %load/vec4 v0x120723230_0;
    %and;
    %inv;
    %concat/vec4; draw_concat_vec4
    %add;
    %assign/vec4 v0x1207228b0_0, 0;
    %jmp T_14.3;
T_14.2 ;
    %load/vec4 v0x120723450_0;
    %load/vec4 v0x120723230_0;
    %and;
    %flag_set/vec4 8;
    %jmp/0xz  T_14.4, 8;
    %load/vec4 v0x1207228b0_0;
    %subi 1, 0, 2;
    %assign/vec4 v0x1207228b0_0, 0;
T_14.4 ;
T_14.3 ;
T_14.1 ;
    %jmp T_14;
    .thread T_14;
    .scope S_0x121d06c90;
T_15 ;
    %wait E_0x120606be0;
    %load/vec4 v0x120722260_0;
    %inv;
    %flag_set/vec4 8;
    %jmp/0xz  T_15.0, 8;
    %pushi/vec4 0, 0, 2;
    %assign/vec4 v0x120724a20_0, 0;
    %jmp T_15.1;
T_15.0 ;
    %load/vec4 v0x120724e20_0;
    %load/vec4 v0x120724cd0_0;
    %and;
    %flag_set/vec4 8;
    %jmp/0xz  T_15.2, 8;
    %load/vec4 v0x120724a20_0;
    %pushi/vec4 0, 0, 1;
    %load/vec4 v0x120723450_0;
    %load/vec4 v0x120723230_0;
    %and;
    %inv;
    %concat/vec4; draw_concat_vec4
    %add;
    %assign/vec4 v0x120724a20_0, 0;
    %jmp T_15.3;
T_15.2 ;
    %load/vec4 v0x120723450_0;
    %load/vec4 v0x120723230_0;
    %and;
    %flag_set/vec4 8;
    %jmp/0xz  T_15.4, 8;
    %load/vec4 v0x120724a20_0;
    %subi 1, 0, 2;
    %assign/vec4 v0x120724a20_0, 0;
T_15.4 ;
T_15.3 ;
T_15.1 ;
    %jmp T_15;
    .thread T_15;
    .scope S_0x121d06c90;
T_16 ;
    %wait E_0x120606be0;
    %load/vec4 v0x120722260_0;
    %nor/r;
    %flag_set/vec4 8;
    %jmp/0xz  T_16.0, 8;
    %pushi/vec4 0, 0, 64;
    %split/vec4 32;
    %ix/load 3, 0, 0;
    %flag_set/imm 4, 0;
    %ix/load 4, 0, 0; Constant delay
    %assign/vec4/a/d v0x120723380, 0, 4;
    %ix/load 3, 1, 0;
    %flag_set/imm 4, 0;
    %ix/load 4, 0, 0; Constant delay
    %assign/vec4/a/d v0x120723380, 0, 4;
    %jmp T_16.1;
T_16.0 ;
    %load/vec4 v0x120724770_0;
    %load/vec4 v0x120724620_0;
    %and;
    %flag_set/vec4 8;
    %jmp/0xz  T_16.2, 8;
    %load/vec4 v0x1207242d0_0;
    %ix/getv 3, v0x120724420_0;
    %ix/load 4, 0, 0; Constant delay
    %assign/vec4/a/d v0x120723380, 0, 4;
T_16.2 ;
T_16.1 ;
    %jmp T_16;
    .thread T_16;
    .scope S_0x121d06c90;
T_17 ;
    %wait E_0x120606be0;
    %load/vec4 v0x120722260_0;
    %inv;
    %flag_set/vec4 8;
    %jmp/0xz  T_17.0, 8;
    %pushi/vec4 0, 0, 4;
    %assign/vec4 v0x1207244d0_0, 0;
    %jmp T_17.1;
T_17.0 ;
    %load/vec4 v0x120724770_0;
    %load/vec4 v0x120724620_0;
    %and;
    %flag_set/vec4 8;
    %jmp/0xz  T_17.2, 8;
    %load/vec4 v0x120724420_0;
    %assign/vec4 v0x1207244d0_0, 0;
T_17.2 ;
T_17.1 ;
    %jmp T_17;
    .thread T_17;
# The file index is used to find the file name in the following table.
:file_names 3;
    "N/A";
    "<interactive>";
    "/Users/fanyuchen/Desktop/la/myCPU/cache/axi_bridge.v";
