#! /opt/homebrew/Cellar/icarus-verilog/12.0/bin/vvp
:ivl_version "12.0 (stable)";
:ivl_delay_selection "TYPICAL";
:vpi_time_precision + 0;
:vpi_module "/opt/homebrew/Cellar/icarus-verilog/12.0/lib/ivl/system.vpi";
:vpi_module "/opt/homebrew/Cellar/icarus-verilog/12.0/lib/ivl/vhdl_sys.vpi";
:vpi_module "/opt/homebrew/Cellar/icarus-verilog/12.0/lib/ivl/vhdl_textio.vpi";
:vpi_module "/opt/homebrew/Cellar/icarus-verilog/12.0/lib/ivl/v2005_math.vpi";
:vpi_module "/opt/homebrew/Cellar/icarus-verilog/12.0/lib/ivl/va_math.vpi";
S_0x15b108760 .scope module, "mul" "mul" 2 1;
 .timescale 0 0;
    .port_info 0 /OUTPUT 1 "mul_out_valid";
    .port_info 1 /OUTPUT 32 "mul_out_h";
    .port_info 2 /OUTPUT 32 "mul_out_l";
    .port_info 3 /INPUT 1 "clk";
    .port_info 4 /INPUT 1 "rst_n";
    .port_info 5 /INPUT 1 "mul_in_valid";
    .port_info 6 /INPUT 32 "mul_in_a";
    .port_info 7 /INPUT 32 "mul_in_b";
o0x150040010 .functor BUFZ 1, C4<z>; HiZ drive
v0x15b108990_0 .net "clk", 0 0, o0x150040010;  0 drivers
v0x15b118920_0 .var "cycle_cnt", 5 0;
o0x150040070 .functor BUFZ 32, C4<zzzzzzzzzzzzzzzzzzzzzzzzzzzzzzzz>; HiZ drive
v0x15b1189c0_0 .net "mul_in_a", 31 0, o0x150040070;  0 drivers
o0x1500400a0 .functor BUFZ 32, C4<zzzzzzzzzzzzzzzzzzzzzzzzzzzzzzzz>; HiZ drive
v0x15b118a70_0 .net "mul_in_b", 31 0, o0x1500400a0;  0 drivers
o0x1500400d0 .functor BUFZ 1, C4<z>; HiZ drive
v0x15b118b20_0 .net "mul_in_valid", 0 0, o0x1500400d0;  0 drivers
v0x15b118c00_0 .var "mul_out_h", 31 0;
v0x15b118cb0_0 .var "mul_out_l", 31 0;
v0x15b118d60_0 .var "mul_out_valid", 0 0;
v0x15b118e00_0 .var "oprating", 0 0;
o0x1500401c0 .functor BUFZ 1, C4<z>; HiZ drive
v0x15b118f10_0 .net "rst_n", 0 0, o0x1500401c0;  0 drivers
E_0x15b105050 .event posedge, v0x15b108990_0;
    .scope S_0x15b108760;
T_0 ;
    %wait E_0x15b105050;
    %load/vec4 v0x15b118f10_0;
    %nor/r;
    %flag_set/vec4 8;
    %jmp/0xz  T_0.0, 8;
    %pushi/vec4 0, 0, 1;
    %assign/vec4 v0x15b118e00_0, 0;
    %pushi/vec4 0, 0, 6;
    %assign/vec4 v0x15b118920_0, 0;
    %jmp T_0.1;
T_0.0 ;
    %load/vec4 v0x15b118e00_0;
    %nor/r;
    %flag_set/vec4 8;
    %jmp/0xz  T_0.2, 8;
    %load/vec4 v0x15b118b20_0;
    %flag_set/vec4 8;
    %jmp/0xz  T_0.4, 8;
    %pushi/vec4 1, 0, 1;
    %assign/vec4 v0x15b118e00_0, 0;
    %pushi/vec4 1, 0, 6;
    %assign/vec4 v0x15b118920_0, 0;
    %jmp T_0.5;
T_0.4 ;
    %pushi/vec4 0, 0, 1;
    %assign/vec4 v0x15b118e00_0, 0;
    %pushi/vec4 0, 0, 6;
    %assign/vec4 v0x15b118920_0, 0;
T_0.5 ;
    %jmp T_0.3;
T_0.2 ;
    %load/vec4 v0x15b118920_0;
    %addi 1, 0, 6;
    %assign/vec4 v0x15b118920_0, 0;
    %load/vec4 v0x15b118920_0;
    %pad/u 32;
    %cmpi/e 31, 0, 32;
    %jmp/0xz  T_0.6, 4;
    %pushi/vec4 0, 0, 1;
    %assign/vec4 v0x15b118e00_0, 0;
    %pushi/vec4 0, 0, 32;
    %assign/vec4 v0x15b118c00_0, 0;
    %load/vec4 v0x15b1189c0_0;
    %load/vec4 v0x15b118a70_0;
    %mul;
    %assign/vec4 v0x15b118cb0_0, 0;
T_0.6 ;
T_0.3 ;
T_0.1 ;
    %jmp T_0;
    .thread T_0;
# The file index is used to find the file name in the following table.
:file_names 3;
    "N/A";
    "<interactive>";
    "/Users/fanyuchen/Desktop/la/myCPU/stage_ex/mul.v";
